<?xml version="1.0" encoding="UTF-8"?>
<testsuite name="com.example.demojaeger.DemoJaegerApplicationTests" tests="1" skipped="0" failures="0" errors="0" timestamp="2019-03-05T01:07:08" hostname="jessemiester" time="0.24">
  <properties/>
  <testcase name="contextLoads" classname="com.example.demojaeger.DemoJaegerApplicationTests" time="0.24"/>
  <system-out><![CDATA[19:07:06.485 [Test worker] DEBUG org.springframework.test.context.junit4.SpringJUnit4ClassRunner - SpringJUnit4ClassRunner constructor called with [class com.example.demojaeger.DemoJaegerApplicationTests]
19:07:06.496 [Test worker] DEBUG org.springframework.test.context.BootstrapUtils - Instantiating CacheAwareContextLoaderDelegate from class [org.springframework.test.context.cache.DefaultCacheAwareContextLoaderDelegate]
19:07:06.508 [Test worker] DEBUG org.springframework.test.context.BootstrapUtils - Instantiating BootstrapContext using constructor [public org.springframework.test.context.support.DefaultBootstrapContext(java.lang.Class,org.springframework.test.context.CacheAwareContextLoaderDelegate)]
19:07:06.530 [Test worker] DEBUG org.springframework.test.context.BootstrapUtils - Instantiating TestContextBootstrapper for test class [com.example.demojaeger.DemoJaegerApplicationTests] from class [org.springframework.boot.test.context.SpringBootTestContextBootstrapper]
19:07:06.552 [Test worker] INFO org.springframework.boot.test.context.SpringBootTestContextBootstrapper - Neither @ContextConfiguration nor @ContextHierarchy found for test class [com.example.demojaeger.DemoJaegerApplicationTests], using SpringBootContextLoader
19:07:06.560 [Test worker] DEBUG org.springframework.test.context.support.AbstractContextLoader - Did not detect default resource location for test class [com.example.demojaeger.DemoJaegerApplicationTests]: class path resource [com/example/demojaeger/DemoJaegerApplicationTests-context.xml] does not exist
19:07:06.561 [Test worker] DEBUG org.springframework.test.context.support.AbstractContextLoader - Did not detect default resource location for test class [com.example.demojaeger.DemoJaegerApplicationTests]: class path resource [com/example/demojaeger/DemoJaegerApplicationTestsContext.groovy] does not exist
19:07:06.561 [Test worker] INFO org.springframework.test.context.support.AbstractContextLoader - Could not detect default resource locations for test class [com.example.demojaeger.DemoJaegerApplicationTests]: no resource found for suffixes {-context.xml, Context.groovy}.
19:07:06.563 [Test worker] INFO org.springframework.test.context.support.AnnotationConfigContextLoaderUtils - Could not detect default configuration classes for test class [com.example.demojaeger.DemoJaegerApplicationTests]: DemoJaegerApplicationTests does not declare any static, non-private, non-final, nested classes annotated with @Configuration.
19:07:06.614 [Test worker] DEBUG org.springframework.test.context.support.ActiveProfilesUtils - Could not find an 'annotation declaring class' for annotation type [org.springframework.test.context.ActiveProfiles] and class [com.example.demojaeger.DemoJaegerApplicationTests]
19:07:06.675 [Test worker] DEBUG org.springframework.context.annotation.ClassPathScanningCandidateComponentProvider - Identified candidate component class: file [/Users/jessengolab/Documents/Projects/demo-jaeger/build/classes/java/main/com/example/demojaeger/DemoJaegerApplication.class]
19:07:06.677 [Test worker] INFO org.springframework.boot.test.context.SpringBootTestContextBootstrapper - Found @SpringBootConfiguration com.example.demojaeger.DemoJaegerApplication for test class com.example.demojaeger.DemoJaegerApplicationTests
19:07:06.767 [Test worker] DEBUG org.springframework.boot.test.context.SpringBootTestContextBootstrapper - @TestExecutionListeners is not present for class [com.example.demojaeger.DemoJaegerApplicationTests]: using defaults.
19:07:06.768 [Test worker] INFO org.springframework.boot.test.context.SpringBootTestContextBootstrapper - Loaded default TestExecutionListener class names from location [META-INF/spring.factories]: [org.springframework.boot.test.autoconfigure.restdocs.RestDocsTestExecutionListener, org.springframework.boot.test.autoconfigure.web.client.MockRestServiceServerResetTestExecutionListener, org.springframework.boot.test.autoconfigure.web.servlet.MockMvcPrintOnlyOnFailureTestExecutionListener, org.springframework.boot.test.autoconfigure.web.servlet.WebDriverTestExecutionListener, org.springframework.boot.test.mock.mockito.MockitoTestExecutionListener, org.springframework.boot.test.mock.mockito.ResetMocksTestExecutionListener, org.springframework.test.context.web.ServletTestExecutionListener, org.springframework.test.context.support.DirtiesContextBeforeModesTestExecutionListener, org.springframework.test.context.support.DependencyInjectionTestExecutionListener, org.springframework.test.context.support.DirtiesContextTestExecutionListener, org.springframework.test.context.transaction.TransactionalTestExecutionListener, org.springframework.test.context.jdbc.SqlScriptsTestExecutionListener]
19:07:06.777 [Test worker] DEBUG org.springframework.boot.test.context.SpringBootTestContextBootstrapper - Skipping candidate TestExecutionListener [org.springframework.test.context.transaction.TransactionalTestExecutionListener] due to a missing dependency. Specify custom listener classes or make the default listener classes and their required dependencies available. Offending class: [org/springframework/transaction/interceptor/TransactionAttributeSource]
19:07:06.778 [Test worker] DEBUG org.springframework.boot.test.context.SpringBootTestContextBootstrapper - Skipping candidate TestExecutionListener [org.springframework.test.context.jdbc.SqlScriptsTestExecutionListener] due to a missing dependency. Specify custom listener classes or make the default listener classes and their required dependencies available. Offending class: [org/springframework/transaction/interceptor/TransactionAttribute]
19:07:06.779 [Test worker] INFO org.springframework.boot.test.context.SpringBootTestContextBootstrapper - Using TestExecutionListeners: [org.springframework.test.context.web.ServletTestExecutionListener@2be74a15, org.springframework.test.context.support.DirtiesContextBeforeModesTestExecutionListener@415d8b0c, org.springframework.boot.test.mock.mockito.MockitoTestExecutionListener@73a095c6, org.springframework.boot.test.autoconfigure.SpringBootDependencyInjectionTestExecutionListener@2aca1632, org.springframework.test.context.support.DirtiesContextTestExecutionListener@3b6c469c, org.springframework.boot.test.autoconfigure.restdocs.RestDocsTestExecutionListener@1644af16, org.springframework.boot.test.autoconfigure.web.client.MockRestServiceServerResetTestExecutionListener@61bd06bd, org.springframework.boot.test.autoconfigure.web.servlet.MockMvcPrintOnlyOnFailureTestExecutionListener@1bbce73e, org.springframework.boot.test.autoconfigure.web.servlet.WebDriverTestExecutionListener@42bd0a73, org.springframework.boot.test.mock.mockito.ResetMocksTestExecutionListener@71b2312d]
19:07:06.781 [Test worker] DEBUG org.springframework.test.annotation.ProfileValueUtils - Retrieved @ProfileValueSourceConfiguration [null] for test class [com.example.demojaeger.DemoJaegerApplicationTests]
19:07:06.782 [Test worker] DEBUG org.springframework.test.annotation.ProfileValueUtils - Retrieved ProfileValueSource type [class org.springframework.test.annotation.SystemProfileValueSource] for class [com.example.demojaeger.DemoJaegerApplicationTests]
19:07:06.783 [Test worker] DEBUG org.springframework.test.annotation.ProfileValueUtils - Retrieved @ProfileValueSourceConfiguration [null] for test class [com.example.demojaeger.DemoJaegerApplicationTests]
19:07:06.783 [Test worker] DEBUG org.springframework.test.annotation.ProfileValueUtils - Retrieved ProfileValueSource type [class org.springframework.test.annotation.SystemProfileValueSource] for class [com.example.demojaeger.DemoJaegerApplicationTests]
19:07:06.786 [Test worker] DEBUG org.springframework.test.context.support.AbstractDirtiesContextTestExecutionListener - Before test class: context [DefaultTestContext@44c7b1f4 testClass = DemoJaegerApplicationTests, testInstance = [null], testMethod = [null], testException = [null], mergedContextConfiguration = [WebMergedContextConfiguration@5f4725e8 testClass = DemoJaegerApplicationTests, locations = '{}', classes = '{class com.example.demojaeger.DemoJaegerApplication}', contextInitializerClasses = '[]', activeProfiles = '{}', propertySourceLocations = '{}', propertySourceProperties = '{org.springframework.boot.test.context.SpringBootTestContextBootstrapper=true}', contextCustomizers = set[org.springframework.boot.test.autoconfigure.properties.PropertyMappingContextCustomizer@0, org.springframework.boot.test.autoconfigure.web.servlet.WebDriverContextCustomizerFactory$Customizer@596433b6, org.springframework.boot.test.context.filter.ExcludeFilterContextCustomizer@73c5dec0, org.springframework.boot.test.json.DuplicateJsonObjectContextCustomizerFactory$DuplicateJsonObjectContextCustomizer@38e2a30c, org.springframework.boot.test.mock.mockito.MockitoContextCustomizer@0, org.springframework.boot.test.web.client.TestRestTemplateContextCustomizer@559115bc], resourceBasePath = 'src/main/webapp', contextLoader = 'org.springframework.boot.test.context.SpringBootContextLoader', parent = [null]], attributes = map['org.springframework.test.context.web.ServletTestExecutionListener.activateListener' -> true]], class annotated with @DirtiesContext [false] with mode [null].
19:07:06.787 [Test worker] DEBUG org.springframework.test.annotation.ProfileValueUtils - Retrieved @ProfileValueSourceConfiguration [null] for test class [com.example.demojaeger.DemoJaegerApplicationTests]
19:07:06.788 [Test worker] DEBUG org.springframework.test.annotation.ProfileValueUtils - Retrieved ProfileValueSource type [class org.springframework.test.annotation.SystemProfileValueSource] for class [com.example.demojaeger.DemoJaegerApplicationTests]
19:07:06.804 [Test worker] DEBUG org.springframework.test.context.support.TestPropertySourceUtils - Adding inlined properties to environment: {spring.jmx.enabled=false, org.springframework.boot.test.context.SpringBootTestContextBootstrapper=true, server.port=-1}

  .   ____          _            __ _ _
 /\\ / ___'_ __ _ _(_)_ __  __ _ \ \ \ \
( ( )\___ | '_ | '_| | '_ \/ _` | \ \ \ \
 \\/  ___)| |_)| | | | | || (_| |  ) ) ) )
  '  |____| .__|_| |_|_| |_\__, | / / / /
 =========|_|==============|___/=/_/_/_/
 :: Spring Boot ::        (v2.1.3.RELEASE)

2019-03-04 19:07:07.138  INFO 10208 --- [    Test worker] c.e.d.DemoJaegerApplicationTests         : Starting DemoJaegerApplicationTests on jessemiester with PID 10208 (started by jessengolab in /Users/jessengolab/Documents/Projects/demo-jaeger)
2019-03-04 19:07:07.141  INFO 10208 --- [    Test worker] c.e.d.DemoJaegerApplicationTests         : No active profile set, falling back to default profiles: default
2019-03-04 19:07:08.652  INFO 10208 --- [    Test worker] o.s.s.concurrent.ThreadPoolTaskExecutor  : Initializing ExecutorService 'applicationTaskExecutor'
2019-03-04 19:07:08.919  INFO 10208 --- [    Test worker] c.e.d.DemoJaegerApplicationTests         : Started DemoJaegerApplicationTests in 2.108 seconds (JVM running for 3.078)
]]></system-out>
  <system-err><![CDATA[]]></system-err>
</testsuite>
